"DEBUG: 2020-07-17 12:44:09,674: Adding 20 + 15 = 35"
"WARNING: 2020-07-17 12:44:09,674: Subtracting 20 - 15 = 5"
DEBUG: 2020-07-17 12:44:30,761: Adding 20 + 15 = 35
WARNING: 2020-07-17 12:44:30,761: Subtracting 20 - 15 = 5
DEBUG: 2020-07-17 12:45:31,718: Adding 20 + 15 = 35
WARNING: 2020-07-17 12:45:31,718: Subtracting 20 - 15 = 5
DEBUG: 2020-07-17 12:46:08,245: Adding 20 + 15 = 35
WARNING: 2020-07-17 12:46:08,245: Subtracting 20 - 15 = 5
__main__: DEBUG: 2020-07-17 12:46:43,906: Adding 20 + 15 = 35
__main__: WARNING: 2020-07-17 12:46:43,907: Subtracting 20 - 15 = 5
logging_demo: DEBUG: 2020-07-17 12:47:29,923: Adding 20 + 15 = 35
logging_demo: WARNING: 2020-07-17 12:47:29,924: Subtracting 20 - 15 = 5
logging_demo: DEBUG: 2020-07-17 12:47:48,823: Adding 20 + 15 = 35
logging_demo: WARNING: 2020-07-17 12:47:48,828: Subtracting 20 - 15 = 5
logging_demo: DEBUG: 2020-07-17 12:48:15,065: Adding 20 + 15 = 35
logging_demo: WARNING: 2020-07-17 12:48:15,065: Subtracting 20 - 15 = 5
__main__:- DEBUG: 2020-07-17 12:48:27,917: Adding 20 + 15 = 35
__main__:- WARNING: 2020-07-17 12:48:27,917: Subtracting 20 - 15 = 5
logging_demo:- DEBUG: 2020-07-17 12:48:32,127: Adding 20 + 15 = 35
logging_demo:- WARNING: 2020-07-17 12:48:32,127: Subtracting 20 - 15 = 5
